<?xml version="1.0" encoding="UTF-8"?>
<!-- Generated by org.testng.reporters.JUnitReportReporter -->
<testsuite hostname="DESKTOP-PGAU4OF" failures="0" tests="1" name="tests.DemoTest" time="4.121" errors="0" timestamp="2021-02-04T20:28:41 CET" skipped="0">
  <testcase classname="tests.DemoTest" name="demoTest" time="4.121"/>
  <system-out/>
</testsuite> <!-- tests.DemoTest -->
